<?xml version="1.0" encoding="UTF-8"?>
<testsuite name="BoardTest" tests="1" skipped="0" failures="0" errors="0" timestamp="2019-05-09T11:31:59" hostname="Siobhans-MBP-2.localdomain" time="0.001">
  <properties/>
  <testcase name="testAppHasABoard" classname="BoardTest" time="0.001"/>
  <system-out><![CDATA[]]></system-out>
  <system-err><![CDATA[]]></system-err>
</testsuite>
